



Started GET "/" for 127.0.0.1 at 2015-07-16 16:54:12 -0700
Started GET "/" for 127.0.0.1 at 2015-07-16 16:54:12 -0700

ActiveRecord::NoDatabaseError (FATAL:  database "paramount_api_development" does not exist
):
  activerecord (4.2.3) lib/active_record/connection_adapters/postgresql_adapter.rb:665:in `rescue in connect'
  activerecord (4.2.3) lib/active_record/connection_adapters/postgresql_adapter.rb:655:in `connect'
  activerecord (4.2.3) lib/active_record/connection_adapters/postgresql_adapter.rb:242:in `initialize'
  activerecord (4.2.3) lib/active_record/connection_adapters/postgresql_adapter.rb:44:in `new'
  activerecord (4.2.3) lib/active_record/connection_adapters/postgresql_adapter.rb:44:in `postgresql_connection'
  activerecord (4.2.3) lib/active_record/connection_adapters/abstract/connection_pool.rb:438:in `new_connection'
  activerecord (4.2.3) lib/active_record/connection_adapters/abstract/connection_pool.rb:448:in `checkout_new_connection'
  activerecord (4.2.3) lib/active_record/connection_adapters/abstract/connection_pool.rb:422:in `acquire_connection'
  activerecord (4.2.3) lib/active_record/connection_adapters/abstract/connection_pool.rb:349:in `block in checkout'
  /System/Library/Frameworks/Ruby.framework/Versions/2.0/usr/lib/ruby/2.0.0/monitor.rb:211:in `mon_synchronize'
  activerecord (4.2.3) lib/active_record/connection_adapters/abstract/connection_pool.rb:348:in `checkout'
  activerecord (4.2.3) lib/active_record/connection_adapters/abstract/connection_pool.rb:263:in `block in connection'
  /System/Library/Frameworks/Ruby.framework/Versions/2.0/usr/lib/ruby/2.0.0/monitor.rb:211:in `mon_synchronize'
  activerecord (4.2.3) lib/active_record/connection_adapters/abstract/connection_pool.rb:262:in `connection'
  activerecord (4.2.3) lib/active_record/connection_adapters/abstract/connection_pool.rb:571:in `retrieve_connection'
  activerecord (4.2.3) lib/active_record/connection_handling.rb:113:in `retrieve_connection'
  activerecord (4.2.3) lib/active_record/connection_handling.rb:87:in `connection'
  activerecord (4.2.3) lib/active_record/migration.rb:383:in `connection'
  activerecord (4.2.3) lib/active_record/migration.rb:370:in `call'
  actionpack (4.2.3) lib/action_dispatch/middleware/callbacks.rb:29:in `block in call'
  activesupport (4.2.3) lib/active_support/callbacks.rb:84:in `run_callbacks'
  actionpack (4.2.3) lib/action_dispatch/middleware/callbacks.rb:27:in `call'
  actionpack (4.2.3) lib/action_dispatch/middleware/reloader.rb:73:in `call'
  actionpack (4.2.3) lib/action_dispatch/middleware/remote_ip.rb:78:in `call'
  actionpack (4.2.3) lib/action_dispatch/middleware/debug_exceptions.rb:17:in `call'
  web-console (2.2.1) lib/web_console/middleware.rb:39:in `call'
  actionpack (4.2.3) lib/action_dispatch/middleware/show_exceptions.rb:30:in `call'
  railties (4.2.3) lib/rails/rack/logger.rb:38:in `call_app'
  railties (4.2.3) lib/rails/rack/logger.rb:20:in `block in call'
  activesupport (4.2.3) lib/active_support/tagged_logging.rb:68:in `block in tagged'
  activesupport (4.2.3) lib/active_support/tagged_logging.rb:26:in `tagged'
  activesupport (4.2.3) lib/active_support/tagged_logging.rb:68:in `tagged'
  railties (4.2.3) lib/rails/rack/logger.rb:20:in `call'
  actionpack (4.2.3) lib/action_dispatch/middleware/request_id.rb:21:in `call'
  rack (1.6.4) lib/rack/methodoverride.rb:22:in `call'
  rack (1.6.4) lib/rack/runtime.rb:18:in `call'
  activesupport (4.2.3) lib/active_support/cache/strategy/local_cache_middleware.rb:28:in `call'
  rack (1.6.4) lib/rack/lock.rb:17:in `call'
  actionpack (4.2.3) lib/action_dispatch/middleware/static.rb:116:in `call'
  rack (1.6.4) lib/rack/sendfile.rb:113:in `call'
  railties (4.2.3) lib/rails/engine.rb:518:in `call'
  railties (4.2.3) lib/rails/application.rb:165:in `call'
  /Users/Lauren/Library/Application Support/Pow/Versions/0.5.0/node_modules/nack/lib/nack/server.rb:155:in `handle'
  /Users/Lauren/Library/Application Support/Pow/Versions/0.5.0/node_modules/nack/lib/nack/server.rb:109:in `rescue in block (2 levels) in start'
  /Users/Lauren/Library/Application Support/Pow/Versions/0.5.0/node_modules/nack/lib/nack/server.rb:106:in `block (2 levels) in start'
  /Users/Lauren/Library/Application Support/Pow/Versions/0.5.0/node_modules/nack/lib/nack/server.rb:96:in `each'
  /Users/Lauren/Library/Application Support/Pow/Versions/0.5.0/node_modules/nack/lib/nack/server.rb:96:in `block in start'
  /Users/Lauren/Library/Application Support/Pow/Versions/0.5.0/node_modules/nack/lib/nack/server.rb:76:in `loop'
  /Users/Lauren/Library/Application Support/Pow/Versions/0.5.0/node_modules/nack/lib/nack/server.rb:76:in `start'
  /Users/Lauren/Library/Application Support/Pow/Versions/0.5.0/node_modules/nack/lib/nack/server.rb:12:in `run'
  /Users/Lauren/Library/Application Support/Pow/Versions/0.5.0/node_modules/nack/bin/nack_worker:4:in `<main>'



ActiveRecord::NoDatabaseError (FATAL:  database "paramount_api_development" does not exist
):
  activerecord (4.2.3) lib/active_record/connection_adapters/postgresql_adapter.rb:665:in `rescue in connect'
  activerecord (4.2.3) lib/active_record/connection_adapters/postgresql_adapter.rb:655:in `connect'
  activerecord (4.2.3) lib/active_record/connection_adapters/postgresql_adapter.rb:242:in `initialize'
  activerecord (4.2.3) lib/active_record/connection_adapters/postgresql_adapter.rb:44:in `new'
  activerecord (4.2.3) lib/active_record/connection_adapters/postgresql_adapter.rb:44:in `postgresql_connection'
  activerecord (4.2.3) lib/active_record/connection_adapters/abstract/connection_pool.rb:438:in `new_connection'
  activerecord (4.2.3) lib/active_record/connection_adapters/abstract/connection_pool.rb:448:in `checkout_new_connection'
  activerecord (4.2.3) lib/active_record/connection_adapters/abstract/connection_pool.rb:422:in `acquire_connection'
  activerecord (4.2.3) lib/active_record/connection_adapters/abstract/connection_pool.rb:349:in `block in checkout'
  /System/Library/Frameworks/Ruby.framework/Versions/2.0/usr/lib/ruby/2.0.0/monitor.rb:211:in `mon_synchronize'
  activerecord (4.2.3) lib/active_record/connection_adapters/abstract/connection_pool.rb:348:in `checkout'
  activerecord (4.2.3) lib/active_record/connection_adapters/abstract/connection_pool.rb:263:in `block in connection'
  /System/Library/Frameworks/Ruby.framework/Versions/2.0/usr/lib/ruby/2.0.0/monitor.rb:211:in `mon_synchronize'
  activerecord (4.2.3) lib/active_record/connection_adapters/abstract/connection_pool.rb:262:in `connection'
  activerecord (4.2.3) lib/active_record/connection_adapters/abstract/connection_pool.rb:571:in `retrieve_connection'
  activerecord (4.2.3) lib/active_record/connection_handling.rb:113:in `retrieve_connection'
  activerecord (4.2.3) lib/active_record/connection_handling.rb:87:in `connection'
  activerecord (4.2.3) lib/active_record/migration.rb:383:in `connection'
  activerecord (4.2.3) lib/active_record/migration.rb:370:in `call'
  actionpack (4.2.3) lib/action_dispatch/middleware/callbacks.rb:29:in `block in call'
  activesupport (4.2.3) lib/active_support/callbacks.rb:84:in `run_callbacks'
  actionpack (4.2.3) lib/action_dispatch/middleware/callbacks.rb:27:in `call'
  actionpack (4.2.3) lib/action_dispatch/middleware/reloader.rb:73:in `call'
  actionpack (4.2.3) lib/action_dispatch/middleware/remote_ip.rb:78:in `call'
  actionpack (4.2.3) lib/action_dispatch/middleware/debug_exceptions.rb:17:in `call'
  web-console (2.2.1) lib/web_console/middleware.rb:39:in `call'
  actionpack (4.2.3) lib/action_dispatch/middleware/show_exceptions.rb:30:in `call'
  railties (4.2.3) lib/rails/rack/logger.rb:38:in `call_app'
  railties (4.2.3) lib/rails/rack/logger.rb:20:in `block in call'
  activesupport (4.2.3) lib/active_support/tagged_logging.rb:68:in `block in tagged'
  activesupport (4.2.3) lib/active_support/tagged_logging.rb:26:in `tagged'
  activesupport (4.2.3) lib/active_support/tagged_logging.rb:68:in `tagged'
  railties (4.2.3) lib/rails/rack/logger.rb:20:in `call'
  actionpack (4.2.3) lib/action_dispatch/middleware/request_id.rb:21:in `call'
  rack (1.6.4) lib/rack/methodoverride.rb:22:in `call'
  rack (1.6.4) lib/rack/runtime.rb:18:in `call'
  activesupport (4.2.3) lib/active_support/cache/strategy/local_cache_middleware.rb:28:in `call'
  rack (1.6.4) lib/rack/lock.rb:17:in `call'
  actionpack (4.2.3) lib/action_dispatch/middleware/static.rb:116:in `call'
  rack (1.6.4) lib/rack/sendfile.rb:113:in `call'
  railties (4.2.3) lib/rails/engine.rb:518:in `call'
  railties (4.2.3) lib/rails/application.rb:165:in `call'
  /Users/Lauren/Library/Application Support/Pow/Versions/0.5.0/node_modules/nack/lib/nack/server.rb:155:in `handle'
  /Users/Lauren/Library/Application Support/Pow/Versions/0.5.0/node_modules/nack/lib/nack/server.rb:109:in `rescue in block (2 levels) in start'
  /Users/Lauren/Library/Application Support/Pow/Versions/0.5.0/node_modules/nack/lib/nack/server.rb:106:in `block (2 levels) in start'
  /Users/Lauren/Library/Application Support/Pow/Versions/0.5.0/node_modules/nack/lib/nack/server.rb:96:in `each'
  /Users/Lauren/Library/Application Support/Pow/Versions/0.5.0/node_modules/nack/lib/nack/server.rb:96:in `block in start'
  /Users/Lauren/Library/Application Support/Pow/Versions/0.5.0/node_modules/nack/lib/nack/server.rb:76:in `loop'
  /Users/Lauren/Library/Application Support/Pow/Versions/0.5.0/node_modules/nack/lib/nack/server.rb:76:in `start'
  /Users/Lauren/Library/Application Support/Pow/Versions/0.5.0/node_modules/nack/lib/nack/server.rb:12:in `run'
  /Users/Lauren/Library/Application Support/Pow/Versions/0.5.0/node_modules/nack/bin/nack_worker:4:in `<main>'


  Rendered /Library/Ruby/Gems/2.0.0/gems/actionpack-4.2.3/lib/action_dispatch/middleware/templates/rescues/_source.erb (2.5ms)
  Rendered /Library/Ruby/Gems/2.0.0/gems/actionpack-4.2.3/lib/action_dispatch/middleware/templates/rescues/_source.erb (2.5ms)
  Rendered /Library/Ruby/Gems/2.0.0/gems/actionpack-4.2.3/lib/action_dispatch/middleware/templates/rescues/_trace.html.erb (1.3ms)
  Rendered /Library/Ruby/Gems/2.0.0/gems/actionpack-4.2.3/lib/action_dispatch/middleware/templates/rescues/_trace.html.erb (2.0ms)
  Rendered /Library/Ruby/Gems/2.0.0/gems/actionpack-4.2.3/lib/action_dispatch/middleware/templates/rescues/_request_and_response.html.erb (0.7ms)
  Rendered /Library/Ruby/Gems/2.0.0/gems/actionpack-4.2.3/lib/action_dispatch/middleware/templates/rescues/diagnostics.html.erb within rescues/layout (18.3ms)
  Rendered /Library/Ruby/Gems/2.0.0/gems/actionpack-4.2.3/lib/action_dispatch/middleware/templates/rescues/_request_and_response.html.erb (0.6ms)
  Rendered /Library/Ruby/Gems/2.0.0/gems/actionpack-4.2.3/lib/action_dispatch/middleware/templates/rescues/diagnostics.html.erb within rescues/layout (18.6ms)
  Rendered /Library/Ruby/Gems/2.0.0/gems/web-console-2.2.1/lib/web_console/templates/_markup.html.erb (0.3ms)
  Rendered /Library/Ruby/Gems/2.0.0/gems/web-console-2.2.1/lib/web_console/templates/_markup.html.erb (0.3ms)
  Rendered /Library/Ruby/Gems/2.0.0/gems/web-console-2.2.1/lib/web_console/templates/_inner_console_markup.html.erb within layouts/inlined_string (0.3ms)
  Rendered /Library/Ruby/Gems/2.0.0/gems/web-console-2.2.1/lib/web_console/templates/_inner_console_markup.html.erb within layouts/inlined_string (0.3ms)
  Rendered /Library/Ruby/Gems/2.0.0/gems/web-console-2.2.1/lib/web_console/templates/_prompt_box_markup.html.erb within layouts/inlined_string (0.3ms)
  Rendered /Library/Ruby/Gems/2.0.0/gems/web-console-2.2.1/lib/web_console/templates/_prompt_box_markup.html.erb within layouts/inlined_string (0.3ms)
  Rendered /Library/Ruby/Gems/2.0.0/gems/web-console-2.2.1/lib/web_console/templates/style.css.erb within layouts/inlined_string (0.3ms)
  Rendered /Library/Ruby/Gems/2.0.0/gems/web-console-2.2.1/lib/web_console/templates/style.css.erb within layouts/inlined_string (0.3ms)
  Rendered /Library/Ruby/Gems/2.0.0/gems/web-console-2.2.1/lib/web_console/templates/console.js.erb within layouts/javascript (13.9ms)
  Rendered /Library/Ruby/Gems/2.0.0/gems/web-console-2.2.1/lib/web_console/templates/console.js.erb within layouts/javascript (13.9ms)
  Rendered /Library/Ruby/Gems/2.0.0/gems/web-console-2.2.1/lib/web_console/templates/main.js.erb within layouts/javascript (0.3ms)
  Rendered /Library/Ruby/Gems/2.0.0/gems/web-console-2.2.1/lib/web_console/templates/main.js.erb within layouts/javascript (0.3ms)
  Rendered /Library/Ruby/Gems/2.0.0/gems/web-console-2.2.1/lib/web_console/templates/error_page.js.erb within layouts/javascript (0.3ms)
  Rendered /Library/Ruby/Gems/2.0.0/gems/web-console-2.2.1/lib/web_console/templates/error_page.js.erb within layouts/javascript (0.3ms)
  Rendered /Library/Ruby/Gems/2.0.0/gems/web-console-2.2.1/lib/web_console/templates/index.html.erb (32.9ms)
  Rendered /Library/Ruby/Gems/2.0.0/gems/web-console-2.2.1/lib/web_console/templates/index.html.erb (32.9ms)




Started GET "/" for 127.0.0.1 at 2015-07-16 16:54:13 -0700
Started GET "/" for 127.0.0.1 at 2015-07-16 16:54:13 -0700

ActiveRecord::NoDatabaseError (FATAL:  database "paramount_api_development" does not exist
):
  activerecord (4.2.3) lib/active_record/connection_adapters/postgresql_adapter.rb:665:in `rescue in connect'
  activerecord (4.2.3) lib/active_record/connection_adapters/postgresql_adapter.rb:655:in `connect'
  activerecord (4.2.3) lib/active_record/connection_adapters/postgresql_adapter.rb:242:in `initialize'
  activerecord (4.2.3) lib/active_record/connection_adapters/postgresql_adapter.rb:44:in `new'
  activerecord (4.2.3) lib/active_record/connection_adapters/postgresql_adapter.rb:44:in `postgresql_connection'
  activerecord (4.2.3) lib/active_record/connection_adapters/abstract/connection_pool.rb:438:in `new_connection'
  activerecord (4.2.3) lib/active_record/connection_adapters/abstract/connection_pool.rb:448:in `checkout_new_connection'
  activerecord (4.2.3) lib/active_record/connection_adapters/abstract/connection_pool.rb:422:in `acquire_connection'
  activerecord (4.2.3) lib/active_record/connection_adapters/abstract/connection_pool.rb:349:in `block in checkout'
  /System/Library/Frameworks/Ruby.framework/Versions/2.0/usr/lib/ruby/2.0.0/monitor.rb:211:in `mon_synchronize'
  activerecord (4.2.3) lib/active_record/connection_adapters/abstract/connection_pool.rb:348:in `checkout'
  activerecord (4.2.3) lib/active_record/connection_adapters/abstract/connection_pool.rb:263:in `block in connection'
  /System/Library/Frameworks/Ruby.framework/Versions/2.0/usr/lib/ruby/2.0.0/monitor.rb:211:in `mon_synchronize'
  activerecord (4.2.3) lib/active_record/connection_adapters/abstract/connection_pool.rb:262:in `connection'
  activerecord (4.2.3) lib/active_record/connection_adapters/abstract/connection_pool.rb:571:in `retrieve_connection'
  activerecord (4.2.3) lib/active_record/connection_handling.rb:113:in `retrieve_connection'
  activerecord (4.2.3) lib/active_record/connection_handling.rb:87:in `connection'
  activerecord (4.2.3) lib/active_record/migration.rb:383:in `connection'
  activerecord (4.2.3) lib/active_record/migration.rb:370:in `call'
  actionpack (4.2.3) lib/action_dispatch/middleware/callbacks.rb:29:in `block in call'
  activesupport (4.2.3) lib/active_support/callbacks.rb:84:in `run_callbacks'
  actionpack (4.2.3) lib/action_dispatch/middleware/callbacks.rb:27:in `call'
  actionpack (4.2.3) lib/action_dispatch/middleware/reloader.rb:73:in `call'
  actionpack (4.2.3) lib/action_dispatch/middleware/remote_ip.rb:78:in `call'
  actionpack (4.2.3) lib/action_dispatch/middleware/debug_exceptions.rb:17:in `call'
  web-console (2.2.1) lib/web_console/middleware.rb:39:in `call'
  actionpack (4.2.3) lib/action_dispatch/middleware/show_exceptions.rb:30:in `call'
  railties (4.2.3) lib/rails/rack/logger.rb:38:in `call_app'
  railties (4.2.3) lib/rails/rack/logger.rb:20:in `block in call'
  activesupport (4.2.3) lib/active_support/tagged_logging.rb:68:in `block in tagged'
  activesupport (4.2.3) lib/active_support/tagged_logging.rb:26:in `tagged'
  activesupport (4.2.3) lib/active_support/tagged_logging.rb:68:in `tagged'
  railties (4.2.3) lib/rails/rack/logger.rb:20:in `call'
  actionpack (4.2.3) lib/action_dispatch/middleware/request_id.rb:21:in `call'
  rack (1.6.4) lib/rack/methodoverride.rb:22:in `call'
  rack (1.6.4) lib/rack/runtime.rb:18:in `call'
  activesupport (4.2.3) lib/active_support/cache/strategy/local_cache_middleware.rb:28:in `call'
  rack (1.6.4) lib/rack/lock.rb:17:in `call'
  actionpack (4.2.3) lib/action_dispatch/middleware/static.rb:116:in `call'
  rack (1.6.4) lib/rack/sendfile.rb:113:in `call'
  railties (4.2.3) lib/rails/engine.rb:518:in `call'
  railties (4.2.3) lib/rails/application.rb:165:in `call'
  /Users/Lauren/Library/Application Support/Pow/Versions/0.5.0/node_modules/nack/lib/nack/server.rb:155:in `handle'
  /Users/Lauren/Library/Application Support/Pow/Versions/0.5.0/node_modules/nack/lib/nack/server.rb:109:in `rescue in block (2 levels) in start'
  /Users/Lauren/Library/Application Support/Pow/Versions/0.5.0/node_modules/nack/lib/nack/server.rb:106:in `block (2 levels) in start'
  /Users/Lauren/Library/Application Support/Pow/Versions/0.5.0/node_modules/nack/lib/nack/server.rb:96:in `each'
  /Users/Lauren/Library/Application Support/Pow/Versions/0.5.0/node_modules/nack/lib/nack/server.rb:96:in `block in start'
  /Users/Lauren/Library/Application Support/Pow/Versions/0.5.0/node_modules/nack/lib/nack/server.rb:76:in `loop'
  /Users/Lauren/Library/Application Support/Pow/Versions/0.5.0/node_modules/nack/lib/nack/server.rb:76:in `start'
  /Users/Lauren/Library/Application Support/Pow/Versions/0.5.0/node_modules/nack/lib/nack/server.rb:12:in `run'
  /Users/Lauren/Library/Application Support/Pow/Versions/0.5.0/node_modules/nack/bin/nack_worker:4:in `<main>'



ActiveRecord::NoDatabaseError (FATAL:  database "paramount_api_development" does not exist
):
  activerecord (4.2.3) lib/active_record/connection_adapters/postgresql_adapter.rb:665:in `rescue in connect'
  activerecord (4.2.3) lib/active_record/connection_adapters/postgresql_adapter.rb:655:in `connect'
  activerecord (4.2.3) lib/active_record/connection_adapters/postgresql_adapter.rb:242:in `initialize'
  activerecord (4.2.3) lib/active_record/connection_adapters/postgresql_adapter.rb:44:in `new'
  activerecord (4.2.3) lib/active_record/connection_adapters/postgresql_adapter.rb:44:in `postgresql_connection'
  activerecord (4.2.3) lib/active_record/connection_adapters/abstract/connection_pool.rb:438:in `new_connection'
  activerecord (4.2.3) lib/active_record/connection_adapters/abstract/connection_pool.rb:448:in `checkout_new_connection'
  activerecord (4.2.3) lib/active_record/connection_adapters/abstract/connection_pool.rb:422:in `acquire_connection'
  activerecord (4.2.3) lib/active_record/connection_adapters/abstract/connection_pool.rb:349:in `block in checkout'
  /System/Library/Frameworks/Ruby.framework/Versions/2.0/usr/lib/ruby/2.0.0/monitor.rb:211:in `mon_synchronize'
  activerecord (4.2.3) lib/active_record/connection_adapters/abstract/connection_pool.rb:348:in `checkout'
  activerecord (4.2.3) lib/active_record/connection_adapters/abstract/connection_pool.rb:263:in `block in connection'
  /System/Library/Frameworks/Ruby.framework/Versions/2.0/usr/lib/ruby/2.0.0/monitor.rb:211:in `mon_synchronize'
  activerecord (4.2.3) lib/active_record/connection_adapters/abstract/connection_pool.rb:262:in `connection'
  activerecord (4.2.3) lib/active_record/connection_adapters/abstract/connection_pool.rb:571:in `retrieve_connection'
  activerecord (4.2.3) lib/active_record/connection_handling.rb:113:in `retrieve_connection'
  activerecord (4.2.3) lib/active_record/connection_handling.rb:87:in `connection'
  activerecord (4.2.3) lib/active_record/migration.rb:383:in `connection'
  activerecord (4.2.3) lib/active_record/migration.rb:370:in `call'
  actionpack (4.2.3) lib/action_dispatch/middleware/callbacks.rb:29:in `block in call'
  activesupport (4.2.3) lib/active_support/callbacks.rb:84:in `run_callbacks'
  actionpack (4.2.3) lib/action_dispatch/middleware/callbacks.rb:27:in `call'
  actionpack (4.2.3) lib/action_dispatch/middleware/reloader.rb:73:in `call'
  actionpack (4.2.3) lib/action_dispatch/middleware/remote_ip.rb:78:in `call'
  actionpack (4.2.3) lib/action_dispatch/middleware/debug_exceptions.rb:17:in `call'
  web-console (2.2.1) lib/web_console/middleware.rb:39:in `call'
  actionpack (4.2.3) lib/action_dispatch/middleware/show_exceptions.rb:30:in `call'
  railties (4.2.3) lib/rails/rack/logger.rb:38:in `call_app'
  railties (4.2.3) lib/rails/rack/logger.rb:20:in `block in call'
  activesupport (4.2.3) lib/active_support/tagged_logging.rb:68:in `block in tagged'
  activesupport (4.2.3) lib/active_support/tagged_logging.rb:26:in `tagged'
  activesupport (4.2.3) lib/active_support/tagged_logging.rb:68:in `tagged'
  railties (4.2.3) lib/rails/rack/logger.rb:20:in `call'
  actionpack (4.2.3) lib/action_dispatch/middleware/request_id.rb:21:in `call'
  rack (1.6.4) lib/rack/methodoverride.rb:22:in `call'
  rack (1.6.4) lib/rack/runtime.rb:18:in `call'
  activesupport (4.2.3) lib/active_support/cache/strategy/local_cache_middleware.rb:28:in `call'
  rack (1.6.4) lib/rack/lock.rb:17:in `call'
  actionpack (4.2.3) lib/action_dispatch/middleware/static.rb:116:in `call'
  rack (1.6.4) lib/rack/sendfile.rb:113:in `call'
  railties (4.2.3) lib/rails/engine.rb:518:in `call'
  railties (4.2.3) lib/rails/application.rb:165:in `call'
  /Users/Lauren/Library/Application Support/Pow/Versions/0.5.0/node_modules/nack/lib/nack/server.rb:155:in `handle'
  /Users/Lauren/Library/Application Support/Pow/Versions/0.5.0/node_modules/nack/lib/nack/server.rb:109:in `rescue in block (2 levels) in start'
  /Users/Lauren/Library/Application Support/Pow/Versions/0.5.0/node_modules/nack/lib/nack/server.rb:106:in `block (2 levels) in start'
  /Users/Lauren/Library/Application Support/Pow/Versions/0.5.0/node_modules/nack/lib/nack/server.rb:96:in `each'
  /Users/Lauren/Library/Application Support/Pow/Versions/0.5.0/node_modules/nack/lib/nack/server.rb:96:in `block in start'
  /Users/Lauren/Library/Application Support/Pow/Versions/0.5.0/node_modules/nack/lib/nack/server.rb:76:in `loop'
  /Users/Lauren/Library/Application Support/Pow/Versions/0.5.0/node_modules/nack/lib/nack/server.rb:76:in `start'
  /Users/Lauren/Library/Application Support/Pow/Versions/0.5.0/node_modules/nack/lib/nack/server.rb:12:in `run'
  /Users/Lauren/Library/Application Support/Pow/Versions/0.5.0/node_modules/nack/bin/nack_worker:4:in `<main>'


  Rendered /Library/Ruby/Gems/2.0.0/gems/actionpack-4.2.3/lib/action_dispatch/middleware/templates/rescues/_source.erb (2.5ms)
  Rendered /Library/Ruby/Gems/2.0.0/gems/actionpack-4.2.3/lib/action_dispatch/middleware/templates/rescues/_source.erb (2.8ms)
  Rendered /Library/Ruby/Gems/2.0.0/gems/actionpack-4.2.3/lib/action_dispatch/middleware/templates/rescues/_trace.html.erb (1.4ms)
  Rendered /Library/Ruby/Gems/2.0.0/gems/actionpack-4.2.3/lib/action_dispatch/middleware/templates/rescues/_trace.html.erb (1.3ms)
  Rendered /Library/Ruby/Gems/2.0.0/gems/actionpack-4.2.3/lib/action_dispatch/middleware/templates/rescues/_request_and_response.html.erb (0.6ms)
  Rendered /Library/Ruby/Gems/2.0.0/gems/actionpack-4.2.3/lib/action_dispatch/middleware/templates/rescues/diagnostics.html.erb within rescues/layout (12.3ms)
  Rendered /Library/Ruby/Gems/2.0.0/gems/actionpack-4.2.3/lib/action_dispatch/middleware/templates/rescues/_request_and_response.html.erb (0.6ms)
  Rendered /Library/Ruby/Gems/2.0.0/gems/actionpack-4.2.3/lib/action_dispatch/middleware/templates/rescues/diagnostics.html.erb within rescues/layout (12.7ms)
  Rendered /Library/Ruby/Gems/2.0.0/gems/web-console-2.2.1/lib/web_console/templates/_markup.html.erb (0.3ms)
  Rendered /Library/Ruby/Gems/2.0.0/gems/web-console-2.2.1/lib/web_console/templates/_markup.html.erb (0.3ms)
  Rendered /Library/Ruby/Gems/2.0.0/gems/web-console-2.2.1/lib/web_console/templates/_inner_console_markup.html.erb within layouts/inlined_string (47.5ms)
  Rendered /Library/Ruby/Gems/2.0.0/gems/web-console-2.2.1/lib/web_console/templates/_inner_console_markup.html.erb within layouts/inlined_string (47.4ms)
  Rendered /Library/Ruby/Gems/2.0.0/gems/web-console-2.2.1/lib/web_console/templates/_prompt_box_markup.html.erb within layouts/inlined_string (0.3ms)
  Rendered /Library/Ruby/Gems/2.0.0/gems/web-console-2.2.1/lib/web_console/templates/_prompt_box_markup.html.erb within layouts/inlined_string (0.3ms)
  Rendered /Library/Ruby/Gems/2.0.0/gems/web-console-2.2.1/lib/web_console/templates/style.css.erb within layouts/inlined_string (0.3ms)
  Rendered /Library/Ruby/Gems/2.0.0/gems/web-console-2.2.1/lib/web_console/templates/style.css.erb within layouts/inlined_string (0.3ms)
  Rendered /Library/Ruby/Gems/2.0.0/gems/web-console-2.2.1/lib/web_console/templates/console.js.erb within layouts/javascript (58.0ms)
  Rendered /Library/Ruby/Gems/2.0.0/gems/web-console-2.2.1/lib/web_console/templates/console.js.erb within layouts/javascript (58.3ms)
  Rendered /Library/Ruby/Gems/2.0.0/gems/web-console-2.2.1/lib/web_console/templates/main.js.erb within layouts/javascript (0.2ms)
  Rendered /Library/Ruby/Gems/2.0.0/gems/web-console-2.2.1/lib/web_console/templates/main.js.erb within layouts/javascript (0.2ms)
  Rendered /Library/Ruby/Gems/2.0.0/gems/web-console-2.2.1/lib/web_console/templates/error_page.js.erb within layouts/javascript (0.3ms)
  Rendered /Library/Ruby/Gems/2.0.0/gems/web-console-2.2.1/lib/web_console/templates/error_page.js.erb within layouts/javascript (0.3ms)
  Rendered /Library/Ruby/Gems/2.0.0/gems/web-console-2.2.1/lib/web_console/templates/index.html.erb (68.5ms)
  Rendered /Library/Ruby/Gems/2.0.0/gems/web-console-2.2.1/lib/web_console/templates/index.html.erb (68.8ms)




Started GET "/" for 127.0.0.1 at 2015-07-16 16:54:13 -0700
Started GET "/" for 127.0.0.1 at 2015-07-16 16:54:13 -0700

ActiveRecord::NoDatabaseError (FATAL:  database "paramount_api_development" does not exist
):
  activerecord (4.2.3) lib/active_record/connection_adapters/postgresql_adapter.rb:665:in `rescue in connect'
  activerecord (4.2.3) lib/active_record/connection_adapters/postgresql_adapter.rb:655:in `connect'
  activerecord (4.2.3) lib/active_record/connection_adapters/postgresql_adapter.rb:242:in `initialize'
  activerecord (4.2.3) lib/active_record/connection_adapters/postgresql_adapter.rb:44:in `new'
  activerecord (4.2.3) lib/active_record/connection_adapters/postgresql_adapter.rb:44:in `postgresql_connection'
  activerecord (4.2.3) lib/active_record/connection_adapters/abstract/connection_pool.rb:438:in `new_connection'
  activerecord (4.2.3) lib/active_record/connection_adapters/abstract/connection_pool.rb:448:in `checkout_new_connection'
  activerecord (4.2.3) lib/active_record/connection_adapters/abstract/connection_pool.rb:422:in `acquire_connection'
  activerecord (4.2.3) lib/active_record/connection_adapters/abstract/connection_pool.rb:349:in `block in checkout'
  /System/Library/Frameworks/Ruby.framework/Versions/2.0/usr/lib/ruby/2.0.0/monitor.rb:211:in `mon_synchronize'
  activerecord (4.2.3) lib/active_record/connection_adapters/abstract/connection_pool.rb:348:in `checkout'
  activerecord (4.2.3) lib/active_record/connection_adapters/abstract/connection_pool.rb:263:in `block in connection'
  /System/Library/Frameworks/Ruby.framework/Versions/2.0/usr/lib/ruby/2.0.0/monitor.rb:211:in `mon_synchronize'
  activerecord (4.2.3) lib/active_record/connection_adapters/abstract/connection_pool.rb:262:in `connection'
  activerecord (4.2.3) lib/active_record/connection_adapters/abstract/connection_pool.rb:571:in `retrieve_connection'
  activerecord (4.2.3) lib/active_record/connection_handling.rb:113:in `retrieve_connection'
  activerecord (4.2.3) lib/active_record/connection_handling.rb:87:in `connection'
  activerecord (4.2.3) lib/active_record/migration.rb:383:in `connection'
  activerecord (4.2.3) lib/active_record/migration.rb:370:in `call'
  actionpack (4.2.3) lib/action_dispatch/middleware/callbacks.rb:29:in `block in call'
  activesupport (4.2.3) lib/active_support/callbacks.rb:84:in `run_callbacks'
  actionpack (4.2.3) lib/action_dispatch/middleware/callbacks.rb:27:in `call'
  actionpack (4.2.3) lib/action_dispatch/middleware/reloader.rb:73:in `call'
  actionpack (4.2.3) lib/action_dispatch/middleware/remote_ip.rb:78:in `call'
  actionpack (4.2.3) lib/action_dispatch/middleware/debug_exceptions.rb:17:in `call'
  web-console (2.2.1) lib/web_console/middleware.rb:39:in `call'
  actionpack (4.2.3) lib/action_dispatch/middleware/show_exceptions.rb:30:in `call'
  railties (4.2.3) lib/rails/rack/logger.rb:38:in `call_app'
  railties (4.2.3) lib/rails/rack/logger.rb:20:in `block in call'
  activesupport (4.2.3) lib/active_support/tagged_logging.rb:68:in `block in tagged'
  activesupport (4.2.3) lib/active_support/tagged_logging.rb:26:in `tagged'
  activesupport (4.2.3) lib/active_support/tagged_logging.rb:68:in `tagged'
  railties (4.2.3) lib/rails/rack/logger.rb:20:in `call'
  actionpack (4.2.3) lib/action_dispatch/middleware/request_id.rb:21:in `call'
  rack (1.6.4) lib/rack/methodoverride.rb:22:in `call'
  rack (1.6.4) lib/rack/runtime.rb:18:in `call'
  activesupport (4.2.3) lib/active_support/cache/strategy/local_cache_middleware.rb:28:in `call'
  rack (1.6.4) lib/rack/lock.rb:17:in `call'
  actionpack (4.2.3) lib/action_dispatch/middleware/static.rb:116:in `call'
  rack (1.6.4) lib/rack/sendfile.rb:113:in `call'
  railties (4.2.3) lib/rails/engine.rb:518:in `call'
  railties (4.2.3) lib/rails/application.rb:165:in `call'
  /Users/Lauren/Library/Application Support/Pow/Versions/0.5.0/node_modules/nack/lib/nack/server.rb:155:in `handle'
  /Users/Lauren/Library/Application Support/Pow/Versions/0.5.0/node_modules/nack/lib/nack/server.rb:109:in `rescue in block (2 levels) in start'
  /Users/Lauren/Library/Application Support/Pow/Versions/0.5.0/node_modules/nack/lib/nack/server.rb:106:in `block (2 levels) in start'
  /Users/Lauren/Library/Application Support/Pow/Versions/0.5.0/node_modules/nack/lib/nack/server.rb:96:in `each'
  /Users/Lauren/Library/Application Support/Pow/Versions/0.5.0/node_modules/nack/lib/nack/server.rb:96:in `block in start'
  /Users/Lauren/Library/Application Support/Pow/Versions/0.5.0/node_modules/nack/lib/nack/server.rb:76:in `loop'
  /Users/Lauren/Library/Application Support/Pow/Versions/0.5.0/node_modules/nack/lib/nack/server.rb:76:in `start'
  /Users/Lauren/Library/Application Support/Pow/Versions/0.5.0/node_modules/nack/lib/nack/server.rb:12:in `run'
  /Users/Lauren/Library/Application Support/Pow/Versions/0.5.0/node_modules/nack/bin/nack_worker:4:in `<main>'



ActiveRecord::NoDatabaseError (FATAL:  database "paramount_api_development" does not exist
):
  activerecord (4.2.3) lib/active_record/connection_adapters/postgresql_adapter.rb:665:in `rescue in connect'
  activerecord (4.2.3) lib/active_record/connection_adapters/postgresql_adapter.rb:655:in `connect'
  activerecord (4.2.3) lib/active_record/connection_adapters/postgresql_adapter.rb:242:in `initialize'
  activerecord (4.2.3) lib/active_record/connection_adapters/postgresql_adapter.rb:44:in `new'
  activerecord (4.2.3) lib/active_record/connection_adapters/postgresql_adapter.rb:44:in `postgresql_connection'
  activerecord (4.2.3) lib/active_record/connection_adapters/abstract/connection_pool.rb:438:in `new_connection'
  activerecord (4.2.3) lib/active_record/connection_adapters/abstract/connection_pool.rb:448:in `checkout_new_connection'
  activerecord (4.2.3) lib/active_record/connection_adapters/abstract/connection_pool.rb:422:in `acquire_connection'
  activerecord (4.2.3) lib/active_record/connection_adapters/abstract/connection_pool.rb:349:in `block in checkout'
  /System/Library/Frameworks/Ruby.framework/Versions/2.0/usr/lib/ruby/2.0.0/monitor.rb:211:in `mon_synchronize'
  activerecord (4.2.3) lib/active_record/connection_adapters/abstract/connection_pool.rb:348:in `checkout'
  activerecord (4.2.3) lib/active_record/connection_adapters/abstract/connection_pool.rb:263:in `block in connection'
  /System/Library/Frameworks/Ruby.framework/Versions/2.0/usr/lib/ruby/2.0.0/monitor.rb:211:in `mon_synchronize'
  activerecord (4.2.3) lib/active_record/connection_adapters/abstract/connection_pool.rb:262:in `connection'
  activerecord (4.2.3) lib/active_record/connection_adapters/abstract/connection_pool.rb:571:in `retrieve_connection'
  activerecord (4.2.3) lib/active_record/connection_handling.rb:113:in `retrieve_connection'
  activerecord (4.2.3) lib/active_record/connection_handling.rb:87:in `connection'
  activerecord (4.2.3) lib/active_record/migration.rb:383:in `connection'
  activerecord (4.2.3) lib/active_record/migration.rb:370:in `call'
  actionpack (4.2.3) lib/action_dispatch/middleware/callbacks.rb:29:in `block in call'
  activesupport (4.2.3) lib/active_support/callbacks.rb:84:in `run_callbacks'
  actionpack (4.2.3) lib/action_dispatch/middleware/callbacks.rb:27:in `call'
  actionpack (4.2.3) lib/action_dispatch/middleware/reloader.rb:73:in `call'
  actionpack (4.2.3) lib/action_dispatch/middleware/remote_ip.rb:78:in `call'
  actionpack (4.2.3) lib/action_dispatch/middleware/debug_exceptions.rb:17:in `call'
  web-console (2.2.1) lib/web_console/middleware.rb:39:in `call'
  actionpack (4.2.3) lib/action_dispatch/middleware/show_exceptions.rb:30:in `call'
  railties (4.2.3) lib/rails/rack/logger.rb:38:in `call_app'
  railties (4.2.3) lib/rails/rack/logger.rb:20:in `block in call'
  activesupport (4.2.3) lib/active_support/tagged_logging.rb:68:in `block in tagged'
  activesupport (4.2.3) lib/active_support/tagged_logging.rb:26:in `tagged'
  activesupport (4.2.3) lib/active_support/tagged_logging.rb:68:in `tagged'
  railties (4.2.3) lib/rails/rack/logger.rb:20:in `call'
  actionpack (4.2.3) lib/action_dispatch/middleware/request_id.rb:21:in `call'
  rack (1.6.4) lib/rack/methodoverride.rb:22:in `call'
  rack (1.6.4) lib/rack/runtime.rb:18:in `call'
  activesupport (4.2.3) lib/active_support/cache/strategy/local_cache_middleware.rb:28:in `call'
  rack (1.6.4) lib/rack/lock.rb:17:in `call'
  actionpack (4.2.3) lib/action_dispatch/middleware/static.rb:116:in `call'
  rack (1.6.4) lib/rack/sendfile.rb:113:in `call'
  railties (4.2.3) lib/rails/engine.rb:518:in `call'
  railties (4.2.3) lib/rails/application.rb:165:in `call'
  /Users/Lauren/Library/Application Support/Pow/Versions/0.5.0/node_modules/nack/lib/nack/server.rb:155:in `handle'
  /Users/Lauren/Library/Application Support/Pow/Versions/0.5.0/node_modules/nack/lib/nack/server.rb:109:in `rescue in block (2 levels) in start'
  /Users/Lauren/Library/Application Support/Pow/Versions/0.5.0/node_modules/nack/lib/nack/server.rb:106:in `block (2 levels) in start'
  /Users/Lauren/Library/Application Support/Pow/Versions/0.5.0/node_modules/nack/lib/nack/server.rb:96:in `each'
  /Users/Lauren/Library/Application Support/Pow/Versions/0.5.0/node_modules/nack/lib/nack/server.rb:96:in `block in start'
  /Users/Lauren/Library/Application Support/Pow/Versions/0.5.0/node_modules/nack/lib/nack/server.rb:76:in `loop'
  /Users/Lauren/Library/Application Support/Pow/Versions/0.5.0/node_modules/nack/lib/nack/server.rb:76:in `start'
  /Users/Lauren/Library/Application Support/Pow/Versions/0.5.0/node_modules/nack/lib/nack/server.rb:12:in `run'
  /Users/Lauren/Library/Application Support/Pow/Versions/0.5.0/node_modules/nack/bin/nack_worker:4:in `<main>'


  Rendered /Library/Ruby/Gems/2.0.0/gems/actionpack-4.2.3/lib/action_dispatch/middleware/templates/rescues/_source.erb (2.3ms)
  Rendered /Library/Ruby/Gems/2.0.0/gems/actionpack-4.2.3/lib/action_dispatch/middleware/templates/rescues/_source.erb (2.5ms)
  Rendered /Library/Ruby/Gems/2.0.0/gems/actionpack-4.2.3/lib/action_dispatch/middleware/templates/rescues/_trace.html.erb (1.1ms)
  Rendered /Library/Ruby/Gems/2.0.0/gems/actionpack-4.2.3/lib/action_dispatch/middleware/templates/rescues/_trace.html.erb (1.2ms)
  Rendered /Library/Ruby/Gems/2.0.0/gems/actionpack-4.2.3/lib/action_dispatch/middleware/templates/rescues/_request_and_response.html.erb (0.6ms)
  Rendered /Library/Ruby/Gems/2.0.0/gems/actionpack-4.2.3/lib/action_dispatch/middleware/templates/rescues/diagnostics.html.erb within rescues/layout (11.5ms)
  Rendered /Library/Ruby/Gems/2.0.0/gems/actionpack-4.2.3/lib/action_dispatch/middleware/templates/rescues/_request_and_response.html.erb (0.6ms)
  Rendered /Library/Ruby/Gems/2.0.0/gems/actionpack-4.2.3/lib/action_dispatch/middleware/templates/rescues/diagnostics.html.erb within rescues/layout (11.6ms)
  Rendered /Library/Ruby/Gems/2.0.0/gems/web-console-2.2.1/lib/web_console/templates/_markup.html.erb (0.2ms)
  Rendered /Library/Ruby/Gems/2.0.0/gems/web-console-2.2.1/lib/web_console/templates/_markup.html.erb (0.3ms)
  Rendered /Library/Ruby/Gems/2.0.0/gems/web-console-2.2.1/lib/web_console/templates/_inner_console_markup.html.erb within layouts/inlined_string (0.2ms)
  Rendered /Library/Ruby/Gems/2.0.0/gems/web-console-2.2.1/lib/web_console/templates/_inner_console_markup.html.erb within layouts/inlined_string (0.2ms)
  Rendered /Library/Ruby/Gems/2.0.0/gems/web-console-2.2.1/lib/web_console/templates/_prompt_box_markup.html.erb within layouts/inlined_string (0.2ms)
  Rendered /Library/Ruby/Gems/2.0.0/gems/web-console-2.2.1/lib/web_console/templates/_prompt_box_markup.html.erb within layouts/inlined_string (0.2ms)
  Rendered /Library/Ruby/Gems/2.0.0/gems/web-console-2.2.1/lib/web_console/templates/style.css.erb within layouts/inlined_string (0.3ms)
  Rendered /Library/Ruby/Gems/2.0.0/gems/web-console-2.2.1/lib/web_console/templates/style.css.erb within layouts/inlined_string (0.2ms)
  Rendered /Library/Ruby/Gems/2.0.0/gems/web-console-2.2.1/lib/web_console/templates/console.js.erb within layouts/javascript (9.6ms)
  Rendered /Library/Ruby/Gems/2.0.0/gems/web-console-2.2.1/lib/web_console/templates/console.js.erb within layouts/javascript (9.6ms)
  Rendered /Library/Ruby/Gems/2.0.0/gems/web-console-2.2.1/lib/web_console/templates/main.js.erb within layouts/javascript (0.3ms)
  Rendered /Library/Ruby/Gems/2.0.0/gems/web-console-2.2.1/lib/web_console/templates/main.js.erb within layouts/javascript (0.3ms)
  Rendered /Library/Ruby/Gems/2.0.0/gems/web-console-2.2.1/lib/web_console/templates/error_page.js.erb within layouts/javascript (0.4ms)
  Rendered /Library/Ruby/Gems/2.0.0/gems/web-console-2.2.1/lib/web_console/templates/error_page.js.erb within layouts/javascript (0.4ms)
  Rendered /Library/Ruby/Gems/2.0.0/gems/web-console-2.2.1/lib/web_console/templates/index.html.erb (21.1ms)
  Rendered /Library/Ruby/Gems/2.0.0/gems/web-console-2.2.1/lib/web_console/templates/index.html.erb (21.3ms)
  [1m[36m (3.7ms)[0m  [1mCREATE TABLE "schema_migrations" ("version" character varying NOT NULL) [0m
  [1m[35m (1.1ms)[0m  CREATE UNIQUE INDEX  "unique_schema_migrations" ON "schema_migrations"  ("version")
  [1m[36mActiveRecord::SchemaMigration Load (0.3ms)[0m  [1mSELECT "schema_migrations".* FROM "schema_migrations"[0m
  [1m[36mSQL (0.3ms)[0m  [1mCREATE EXTENSION IF NOT EXISTS "plpgsql"[0m
  [1m[35m (0.3ms)[0m  SELECT version FROM "schema_migrations"
  [1m[36m (1.5ms)[0m  [1mINSERT INTO "schema_migrations" (version) VALUES ('0')[0m
  [1m[35mSQL (0.3ms)[0m  CREATE EXTENSION IF NOT EXISTS "plpgsql"
  [1m[36m (5.6ms)[0m  [1mCREATE TABLE "schema_migrations" ("version" character varying NOT NULL) [0m
  [1m[35m (1.1ms)[0m  CREATE UNIQUE INDEX  "unique_schema_migrations" ON "schema_migrations"  ("version")
  [1m[36m (0.4ms)[0m  [1mSELECT version FROM "schema_migrations"[0m
  [1m[35m (0.5ms)[0m  INSERT INTO "schema_migrations" (version) VALUES ('0')
  [1m[36mActiveRecord::SchemaMigration Load (0.4ms)[0m  [1mSELECT "schema_migrations".* FROM "schema_migrations"[0m


Started GET "/" for 127.0.0.1 at 2015-07-16 16:54:42 -0700
Processing by Rails::WelcomeController#index as HTML
  Rendered /Library/Ruby/Gems/2.0.0/gems/railties-4.2.3/lib/rails/templates/rails/welcome/index.html.erb (0.5ms)
Completed 200 OK in 2ms (Views: 1.9ms | ActiveRecord: 0.0ms)
